<?xml version="1.0" encoding="UTF-8"?>
<testng-results skipped="0" failed="2" total="5" passed="3">
  <reporter-output>
  </reporter-output>
  <suite name="Default suite" duration-ms="389561" started-at="2020-03-03T08:46:40Z" finished-at="2020-03-03T08:53:10Z">
    <groups>
    </groups>
    <test name="Default test" duration-ms="389561" started-at="2020-03-03T08:46:40Z" finished-at="2020-03-03T08:53:10Z">
      <class name="com.esg.executableclasses.ApogeUploadExecutableClass">
        <test-method status="PASS" signature="Intilize()[pri:0, instance:com.esg.executableclasses.ApogeUploadExecutableClass@7c75222b]" name="Intilize" is-config="true" duration-ms="173" started-at="2020-03-03T14:16:40Z" finished-at="2020-03-03T14:16:40Z">
          <reporter-output>
          </reporter-output>
        </test-method> <!-- Intilize -->
        <test-method status="PASS" signature="LoginStep()[pri:1, instance:com.esg.executableclasses.ApogeUploadExecutableClass@7c75222b]" name="LoginStep" duration-ms="35880" started-at="2020-03-03T14:16:40Z" finished-at="2020-03-03T14:17:16Z">
          <reporter-output>
          </reporter-output>
        </test-method> <!-- LoginStep -->
        <test-method status="PASS" signature="getResult(org.testng.ITestResult)[pri:0, instance:com.esg.executableclasses.ApogeUploadExecutableClass@7c75222b]" name="getResult" is-config="true" duration-ms="1" started-at="2020-03-03T14:17:16Z" finished-at="2020-03-03T14:17:16Z">
          <params>
            <param index="0">
              <value>
                <![CDATA[[TestResult name=LoginStep status=SUCCESS method=ApogeUploadExecutableClass.LoginStep()[pri:1, instance:com.esg.executableclasses.ApogeUploadExecutableClass@7c75222b] output={null}]]]>
              </value>
            </param>
          </params>
          <reporter-output>
          </reporter-output>
        </test-method> <!-- getResult -->
        <test-method status="PASS" signature="UploadFileStep()[pri:2, instance:com.esg.executableclasses.ApogeUploadExecutableClass@7c75222b]" name="UploadFileStep" duration-ms="98646" started-at="2020-03-03T14:17:16Z" finished-at="2020-03-03T14:18:55Z">
          <reporter-output>
          </reporter-output>
        </test-method> <!-- UploadFileStep -->
        <test-method status="PASS" signature="getResult(org.testng.ITestResult)[pri:0, instance:com.esg.executableclasses.ApogeUploadExecutableClass@7c75222b]" name="getResult" is-config="true" duration-ms="1" started-at="2020-03-03T14:18:55Z" finished-at="2020-03-03T14:18:55Z">
          <params>
            <param index="0">
              <value>
                <![CDATA[[TestResult name=UploadFileStep status=SUCCESS method=ApogeUploadExecutableClass.UploadFileStep()[pri:2, instance:com.esg.executableclasses.ApogeUploadExecutableClass@7c75222b] output={null}]]]>
              </value>
            </param>
          </params>
          <reporter-output>
          </reporter-output>
        </test-method> <!-- getResult -->
        <test-method status="FAIL" signature="EnrollmentStep()[pri:3, instance:com.esg.executableclasses.ApogeUploadExecutableClass@7c75222b]" name="EnrollmentStep" duration-ms="62014" started-at="2020-03-03T14:18:55Z" finished-at="2020-03-03T14:19:57Z">
          <exception class="org.openqa.selenium.NoSuchElementException">
            <message>
              <![CDATA[no such element: Unable to locate element: {"method":"xpath","selector":"//span[@id='ctl00_cphSiteMaster_uxWorkflowstepListView_ctrl0_lblWorkflowstepDispStat']"}
  (Session info: chrome=80.0.3987.122)
  (Driver info: chromedriver=2.43.600210 (68dcf5eebde37173d4027fa8635e332711d2874a),platform=Windows NT 10.0.18362 x86_64) (WARNING: The server did not provide any stacktrace information)
Command duration or timeout: 0 milliseconds
For documentation on this error, please visit: https://www.seleniumhq.org/exceptions/no_such_element.html
Build info: version: '3.141.59', revision: 'e82be7d358', time: '2018-11-14T08:17:03'
System info: host: 'DESKTOP-EQHIDO3', ip: '172.16.53.94', os.name: 'Windows 10', os.arch: 'amd64', os.version: '10.0', java.version: '1.8.0_191'
Driver info: org.openqa.selenium.chrome.ChromeDriver
Capabilities {acceptInsecureCerts: false, acceptSslCerts: false, applicationCacheEnabled: false, browserConnectionEnabled: false, browserName: chrome, chrome: {chromedriverVersion: 2.43.600210 (68dcf5eebde371..., userDataDir: C:\Users\Admin\AppData\Loca...}, cssSelectorsEnabled: true, databaseEnabled: false, goog:chromeOptions: {debuggerAddress: localhost:62114}, handlesAlerts: true, hasTouchScreen: false, javascriptEnabled: true, locationContextEnabled: true, mobileEmulationEnabled: false, nativeEvents: true, networkConnectionEnabled: false, pageLoadStrategy: normal, platform: XP, platformName: XP, rotatable: false, setWindowRect: true, takesHeapSnapshot: true, takesScreenshot: true, unexpectedAlertBehaviour: , unhandledPromptBehavior: , version: 80.0.3987.122, webStorageEnabled: true}
Session ID: ff134cde532c1e69d0491ec4ac541a23
*** Element info: {Using=xpath, value=//span[@id='ctl00_cphSiteMaster_uxWorkflowstepListView_ctrl0_lblWorkflowstepDispStat']}]]>
            </message>
            <full-stacktrace>
              <![CDATA[org.openqa.selenium.NoSuchElementException: no such element: Unable to locate element: {"method":"xpath","selector":"//span[@id='ctl00_cphSiteMaster_uxWorkflowstepListView_ctrl0_lblWorkflowstepDispStat']"}
  (Session info: chrome=80.0.3987.122)
  (Driver info: chromedriver=2.43.600210 (68dcf5eebde37173d4027fa8635e332711d2874a),platform=Windows NT 10.0.18362 x86_64) (WARNING: The server did not provide any stacktrace information)
Command duration or timeout: 0 milliseconds
For documentation on this error, please visit: https://www.seleniumhq.org/exceptions/no_such_element.html
Build info: version: '3.141.59', revision: 'e82be7d358', time: '2018-11-14T08:17:03'
System info: host: 'DESKTOP-EQHIDO3', ip: '172.16.53.94', os.name: 'Windows 10', os.arch: 'amd64', os.version: '10.0', java.version: '1.8.0_191'
Driver info: org.openqa.selenium.chrome.ChromeDriver
Capabilities {acceptInsecureCerts: false, acceptSslCerts: false, applicationCacheEnabled: false, browserConnectionEnabled: false, browserName: chrome, chrome: {chromedriverVersion: 2.43.600210 (68dcf5eebde371..., userDataDir: C:\Users\Admin\AppData\Loca...}, cssSelectorsEnabled: true, databaseEnabled: false, goog:chromeOptions: {debuggerAddress: localhost:62114}, handlesAlerts: true, hasTouchScreen: false, javascriptEnabled: true, locationContextEnabled: true, mobileEmulationEnabled: false, nativeEvents: true, networkConnectionEnabled: false, pageLoadStrategy: normal, platform: XP, platformName: XP, rotatable: false, setWindowRect: true, takesHeapSnapshot: true, takesScreenshot: true, unexpectedAlertBehaviour: , unhandledPromptBehavior: , version: 80.0.3987.122, webStorageEnabled: true}
Session ID: ff134cde532c1e69d0491ec4ac541a23
*** Element info: {Using=xpath, value=//span[@id='ctl00_cphSiteMaster_uxWorkflowstepListView_ctrl0_lblWorkflowstepDispStat']}
	at sun.reflect.NativeConstructorAccessorImpl.newInstance0(Native Method)
	at sun.reflect.NativeConstructorAccessorImpl.newInstance(NativeConstructorAccessorImpl.java:62)
	at sun.reflect.DelegatingConstructorAccessorImpl.newInstance(DelegatingConstructorAccessorImpl.java:45)
	at java.lang.reflect.Constructor.newInstance(Constructor.java:423)
	at org.openqa.selenium.remote.ErrorHandler.createThrowable(ErrorHandler.java:214)
	at org.openqa.selenium.remote.ErrorHandler.throwIfResponseFailed(ErrorHandler.java:166)
	at org.openqa.selenium.remote.http.JsonHttpResponseCodec.reconstructValue(JsonHttpResponseCodec.java:40)
	at org.openqa.selenium.remote.http.AbstractHttpResponseCodec.decode(AbstractHttpResponseCodec.java:80)
	at org.openqa.selenium.remote.http.AbstractHttpResponseCodec.decode(AbstractHttpResponseCodec.java:44)
	at org.openqa.selenium.remote.HttpCommandExecutor.execute(HttpCommandExecutor.java:158)
	at org.openqa.selenium.remote.service.DriverCommandExecutor.execute(DriverCommandExecutor.java:83)
	at org.openqa.selenium.remote.RemoteWebDriver.execute(RemoteWebDriver.java:552)
	at org.openqa.selenium.remote.RemoteWebDriver.findElement(RemoteWebDriver.java:323)
	at org.openqa.selenium.remote.RemoteWebDriver.findElementByXPath(RemoteWebDriver.java:428)
	at org.openqa.selenium.By$ByXPath.findElement(By.java:353)
	at org.openqa.selenium.remote.RemoteWebDriver.findElement(RemoteWebDriver.java:315)
	at com.esg.utilities.BaseClass.Xpath(BaseClass.java:51)
	at com.esg.utilities.ExtentReport.defineLogs(ExtentReport.java:45)
	at com.esg.testclasses.ApogeUploadTestClass.Enrollment(ApogeUploadTestClass.java:37)
	at com.esg.executableclasses.ApogeUploadExecutableClass.EnrollmentStep(ApogeUploadExecutableClass.java:34)
	at sun.reflect.NativeMethodAccessorImpl.invoke0(Native Method)
	at sun.reflect.NativeMethodAccessorImpl.invoke(NativeMethodAccessorImpl.java:62)
	at sun.reflect.DelegatingMethodAccessorImpl.invoke(DelegatingMethodAccessorImpl.java:43)
	at java.lang.reflect.Method.invoke(Method.java:498)
	at org.testng.internal.MethodInvocationHelper.invokeMethod(MethodInvocationHelper.java:86)
	at org.testng.internal.Invoker.invokeMethod(Invoker.java:645)
	at org.testng.internal.Invoker.invokeTestMethod(Invoker.java:822)
	at org.testng.internal.Invoker.invokeTestMethods(Invoker.java:1130)
	at org.testng.internal.TestMethodWorker.invokeTestMethods(TestMethodWorker.java:129)
	at org.testng.internal.TestMethodWorker.run(TestMethodWorker.java:112)
	at org.testng.TestRunner.privateRun(TestRunner.java:782)
	at org.testng.TestRunner.run(TestRunner.java:632)
	at org.testng.SuiteRunner.runTest(SuiteRunner.java:366)
	at org.testng.SuiteRunner.runSequentially(SuiteRunner.java:361)
	at org.testng.SuiteRunner.privateRun(SuiteRunner.java:319)
	at org.testng.SuiteRunner.run(SuiteRunner.java:268)
	at org.testng.SuiteRunnerWorker.runSuite(SuiteRunnerWorker.java:52)
	at org.testng.SuiteRunnerWorker.run(SuiteRunnerWorker.java:86)
	at org.testng.TestNG.runSuitesSequentially(TestNG.java:1244)
	at org.testng.TestNG.runSuitesLocally(TestNG.java:1169)
	at org.testng.TestNG.run(TestNG.java:1064)
	at org.testng.remote.RemoteTestNG.run(RemoteTestNG.java:113)
	at org.testng.remote.RemoteTestNG.initAndRun(RemoteTestNG.java:206)
	at org.testng.remote.RemoteTestNG.main(RemoteTestNG.java:177)
]]>
            </full-stacktrace>
          </exception> <!-- org.openqa.selenium.NoSuchElementException -->
          <reporter-output>
          </reporter-output>
        </test-method> <!-- EnrollmentStep -->
        <test-method status="PASS" signature="getResult(org.testng.ITestResult)[pri:0, instance:com.esg.executableclasses.ApogeUploadExecutableClass@7c75222b]" name="getResult" is-config="true" duration-ms="394" started-at="2020-03-03T14:19:57Z" finished-at="2020-03-03T14:19:57Z">
          <params>
            <param index="0">
              <value>
                <![CDATA[[TestResult name=EnrollmentStep status=FAILURE method=ApogeUploadExecutableClass.EnrollmentStep()[pri:3, instance:com.esg.executableclasses.ApogeUploadExecutableClass@7c75222b] output={null}]]]>
              </value>
            </param>
          </params>
          <reporter-output>
          </reporter-output>
        </test-method> <!-- getResult -->
        <test-method status="FAIL" signature="VerifyApogeeWithModifiedFilesStep()[pri:4, instance:com.esg.executableclasses.ApogeUploadExecutableClass@7c75222b]" name="VerifyApogeeWithModifiedFilesStep" duration-ms="30038" started-at="2020-03-03T14:19:57Z" finished-at="2020-03-03T14:20:27Z">
          <exception class="org.openqa.selenium.NoSuchElementException">
            <message>
              <![CDATA[no such element: Unable to locate element: {"method":"xpath","selector":"//span[@id='ctl00_cphSiteMaster_uxWorkflowstepListView_ctrl0_lblAssignedContractorName']"}
  (Session info: chrome=80.0.3987.122)
  (Driver info: chromedriver=2.43.600210 (68dcf5eebde37173d4027fa8635e332711d2874a),platform=Windows NT 10.0.18362 x86_64) (WARNING: The server did not provide any stacktrace information)
Command duration or timeout: 0 milliseconds
For documentation on this error, please visit: https://www.seleniumhq.org/exceptions/no_such_element.html
Build info: version: '3.141.59', revision: 'e82be7d358', time: '2018-11-14T08:17:03'
System info: host: 'DESKTOP-EQHIDO3', ip: '172.16.53.94', os.name: 'Windows 10', os.arch: 'amd64', os.version: '10.0', java.version: '1.8.0_191'
Driver info: org.openqa.selenium.chrome.ChromeDriver
Capabilities {acceptInsecureCerts: false, acceptSslCerts: false, applicationCacheEnabled: false, browserConnectionEnabled: false, browserName: chrome, chrome: {chromedriverVersion: 2.43.600210 (68dcf5eebde371..., userDataDir: C:\Users\Admin\AppData\Loca...}, cssSelectorsEnabled: true, databaseEnabled: false, goog:chromeOptions: {debuggerAddress: localhost:62114}, handlesAlerts: true, hasTouchScreen: false, javascriptEnabled: true, locationContextEnabled: true, mobileEmulationEnabled: false, nativeEvents: true, networkConnectionEnabled: false, pageLoadStrategy: normal, platform: XP, platformName: XP, rotatable: false, setWindowRect: true, takesHeapSnapshot: true, takesScreenshot: true, unexpectedAlertBehaviour: , unhandledPromptBehavior: , version: 80.0.3987.122, webStorageEnabled: true}
Session ID: ff134cde532c1e69d0491ec4ac541a23
*** Element info: {Using=xpath, value=//span[@id='ctl00_cphSiteMaster_uxWorkflowstepListView_ctrl0_lblAssignedContractorName']}]]>
            </message>
            <full-stacktrace>
              <![CDATA[org.openqa.selenium.NoSuchElementException: no such element: Unable to locate element: {"method":"xpath","selector":"//span[@id='ctl00_cphSiteMaster_uxWorkflowstepListView_ctrl0_lblAssignedContractorName']"}
  (Session info: chrome=80.0.3987.122)
  (Driver info: chromedriver=2.43.600210 (68dcf5eebde37173d4027fa8635e332711d2874a),platform=Windows NT 10.0.18362 x86_64) (WARNING: The server did not provide any stacktrace information)
Command duration or timeout: 0 milliseconds
For documentation on this error, please visit: https://www.seleniumhq.org/exceptions/no_such_element.html
Build info: version: '3.141.59', revision: 'e82be7d358', time: '2018-11-14T08:17:03'
System info: host: 'DESKTOP-EQHIDO3', ip: '172.16.53.94', os.name: 'Windows 10', os.arch: 'amd64', os.version: '10.0', java.version: '1.8.0_191'
Driver info: org.openqa.selenium.chrome.ChromeDriver
Capabilities {acceptInsecureCerts: false, acceptSslCerts: false, applicationCacheEnabled: false, browserConnectionEnabled: false, browserName: chrome, chrome: {chromedriverVersion: 2.43.600210 (68dcf5eebde371..., userDataDir: C:\Users\Admin\AppData\Loca...}, cssSelectorsEnabled: true, databaseEnabled: false, goog:chromeOptions: {debuggerAddress: localhost:62114}, handlesAlerts: true, hasTouchScreen: false, javascriptEnabled: true, locationContextEnabled: true, mobileEmulationEnabled: false, nativeEvents: true, networkConnectionEnabled: false, pageLoadStrategy: normal, platform: XP, platformName: XP, rotatable: false, setWindowRect: true, takesHeapSnapshot: true, takesScreenshot: true, unexpectedAlertBehaviour: , unhandledPromptBehavior: , version: 80.0.3987.122, webStorageEnabled: true}
Session ID: ff134cde532c1e69d0491ec4ac541a23
*** Element info: {Using=xpath, value=//span[@id='ctl00_cphSiteMaster_uxWorkflowstepListView_ctrl0_lblAssignedContractorName']}
	at sun.reflect.NativeConstructorAccessorImpl.newInstance0(Native Method)
	at sun.reflect.NativeConstructorAccessorImpl.newInstance(NativeConstructorAccessorImpl.java:62)
	at sun.reflect.DelegatingConstructorAccessorImpl.newInstance(DelegatingConstructorAccessorImpl.java:45)
	at java.lang.reflect.Constructor.newInstance(Constructor.java:423)
	at org.openqa.selenium.remote.ErrorHandler.createThrowable(ErrorHandler.java:214)
	at org.openqa.selenium.remote.ErrorHandler.throwIfResponseFailed(ErrorHandler.java:166)
	at org.openqa.selenium.remote.http.JsonHttpResponseCodec.reconstructValue(JsonHttpResponseCodec.java:40)
	at org.openqa.selenium.remote.http.AbstractHttpResponseCodec.decode(AbstractHttpResponseCodec.java:80)
	at org.openqa.selenium.remote.http.AbstractHttpResponseCodec.decode(AbstractHttpResponseCodec.java:44)
	at org.openqa.selenium.remote.HttpCommandExecutor.execute(HttpCommandExecutor.java:158)
	at org.openqa.selenium.remote.service.DriverCommandExecutor.execute(DriverCommandExecutor.java:83)
	at org.openqa.selenium.remote.RemoteWebDriver.execute(RemoteWebDriver.java:552)
	at org.openqa.selenium.remote.RemoteWebDriver.findElement(RemoteWebDriver.java:323)
	at org.openqa.selenium.remote.RemoteWebDriver.findElementByXPath(RemoteWebDriver.java:428)
	at org.openqa.selenium.By$ByXPath.findElement(By.java:353)
	at org.openqa.selenium.remote.RemoteWebDriver.findElement(RemoteWebDriver.java:315)
	at com.esg.utilities.BaseClass.Xpath(BaseClass.java:51)
	at com.esg.utilities.ExtentReport.defineLogs(ExtentReport.java:45)
	at com.esg.testclasses.ApogeUploadTestClass.VerifyApogeeWithModifiedFiles(ApogeUploadTestClass.java:40)
	at com.esg.executableclasses.ApogeUploadExecutableClass.VerifyApogeeWithModifiedFilesStep(ApogeUploadExecutableClass.java:39)
	at sun.reflect.NativeMethodAccessorImpl.invoke0(Native Method)
	at sun.reflect.NativeMethodAccessorImpl.invoke(NativeMethodAccessorImpl.java:62)
	at sun.reflect.DelegatingMethodAccessorImpl.invoke(DelegatingMethodAccessorImpl.java:43)
	at java.lang.reflect.Method.invoke(Method.java:498)
	at org.testng.internal.MethodInvocationHelper.invokeMethod(MethodInvocationHelper.java:86)
	at org.testng.internal.Invoker.invokeMethod(Invoker.java:645)
	at org.testng.internal.Invoker.invokeTestMethod(Invoker.java:822)
	at org.testng.internal.Invoker.invokeTestMethods(Invoker.java:1130)
	at org.testng.internal.TestMethodWorker.invokeTestMethods(TestMethodWorker.java:129)
	at org.testng.internal.TestMethodWorker.run(TestMethodWorker.java:112)
	at org.testng.TestRunner.privateRun(TestRunner.java:782)
	at org.testng.TestRunner.run(TestRunner.java:632)
	at org.testng.SuiteRunner.runTest(SuiteRunner.java:366)
	at org.testng.SuiteRunner.runSequentially(SuiteRunner.java:361)
	at org.testng.SuiteRunner.privateRun(SuiteRunner.java:319)
	at org.testng.SuiteRunner.run(SuiteRunner.java:268)
	at org.testng.SuiteRunnerWorker.runSuite(SuiteRunnerWorker.java:52)
	at org.testng.SuiteRunnerWorker.run(SuiteRunnerWorker.java:86)
	at org.testng.TestNG.runSuitesSequentially(TestNG.java:1244)
	at org.testng.TestNG.runSuitesLocally(TestNG.java:1169)
	at org.testng.TestNG.run(TestNG.java:1064)
	at org.testng.remote.RemoteTestNG.run(RemoteTestNG.java:113)
	at org.testng.remote.RemoteTestNG.initAndRun(RemoteTestNG.java:206)
	at org.testng.remote.RemoteTestNG.main(RemoteTestNG.java:177)
]]>
            </full-stacktrace>
          </exception> <!-- org.openqa.selenium.NoSuchElementException -->
          <reporter-output>
          </reporter-output>
        </test-method> <!-- VerifyApogeeWithModifiedFilesStep -->
        <test-method status="PASS" signature="getResult(org.testng.ITestResult)[pri:0, instance:com.esg.executableclasses.ApogeUploadExecutableClass@7c75222b]" name="getResult" is-config="true" duration-ms="403" started-at="2020-03-03T14:20:27Z" finished-at="2020-03-03T14:20:28Z">
          <params>
            <param index="0">
              <value>
                <![CDATA[[TestResult name=VerifyApogeeWithModifiedFilesStep status=FAILURE method=ApogeUploadExecutableClass.VerifyApogeeWithModifiedFilesStep()[pri:4, instance:com.esg.executableclasses.ApogeUploadExecutableClass@7c75222b] output={null}]]]>
              </value>
            </param>
          </params>
          <reporter-output>
          </reporter-output>
        </test-method> <!-- getResult -->
        <test-method status="PASS" signature="VerifyApogeeWithoutModifiedFilesStep()[pri:5, instance:com.esg.executableclasses.ApogeUploadExecutableClass@7c75222b]" name="VerifyApogeeWithoutModifiedFilesStep" duration-ms="161684" started-at="2020-03-03T14:20:28Z" finished-at="2020-03-03T14:23:09Z">
          <reporter-output>
          </reporter-output>
        </test-method> <!-- VerifyApogeeWithoutModifiedFilesStep -->
        <test-method status="PASS" signature="getResult(org.testng.ITestResult)[pri:0, instance:com.esg.executableclasses.ApogeUploadExecutableClass@7c75222b]" name="getResult" is-config="true" duration-ms="1" started-at="2020-03-03T14:23:09Z" finished-at="2020-03-03T14:23:09Z">
          <params>
            <param index="0">
              <value>
                <![CDATA[[TestResult name=VerifyApogeeWithoutModifiedFilesStep status=SUCCESS method=ApogeUploadExecutableClass.VerifyApogeeWithoutModifiedFilesStep()[pri:5, instance:com.esg.executableclasses.ApogeUploadExecutableClass@7c75222b] output={null}]]]>
              </value>
            </param>
          </params>
          <reporter-output>
          </reporter-output>
        </test-method> <!-- getResult -->
        <test-method status="PASS" signature="Generate()[pri:0, instance:com.esg.executableclasses.ApogeUploadExecutableClass@7c75222b]" name="Generate" is-config="true" duration-ms="304" started-at="2020-03-03T14:23:09Z" finished-at="2020-03-03T14:23:10Z">
          <reporter-output>
          </reporter-output>
        </test-method> <!-- Generate -->
      </class> <!-- com.esg.executableclasses.ApogeUploadExecutableClass -->
    </test> <!-- Default test -->
  </suite> <!-- Default suite -->
</testng-results>
