<?xml version="1.0" encoding="UTF-8"?>
<!-- Generated by org.testng.reporters.JUnitReportReporter -->
<testsuite hostname="DESKTOP-EQHIDO3" name="com.esg.executableclasses.ThresholdsExecutableClass" tests="5" failures="0" timestamp="2 Mar 2020 03:13:14 GMT" time="37.311" errors="4">
  <testcase name="Thresholds_ProgramYearMeasures" time="0.425" classname="com.esg.executableclasses.ThresholdsExecutableClass">
    <error type="java.lang.Error" message="Unresolved compilation problem: 
	The method selectDropdownByVisibleText(String, String, String, String, int, int) is undefined for the type ThresholdsTestClass
">
      <![CDATA[java.lang.Error: Unresolved compilation problem: 
	The method selectDropdownByVisibleText(String, String, String, String, int, int) is undefined for the type ThresholdsTestClass

	at com.esg.testclasses.ThresholdsTestClass.NavigateToEnrollment(ThresholdsTestClass.java:20)
	at com.esg.testclasses.ThresholdsTestClass.Program_Percent(ThresholdsTestClass.java:152)
	at com.esg.executableclasses.ThresholdsExecutableClass.Thresholds_ProgramYearMeasures(ThresholdsExecutableClass.java:41)
	at sun.reflect.NativeMethodAccessorImpl.invoke0(Native Method)
	at sun.reflect.NativeMethodAccessorImpl.invoke(NativeMethodAccessorImpl.java:62)
	at sun.reflect.DelegatingMethodAccessorImpl.invoke(DelegatingMethodAccessorImpl.java:43)
	at java.lang.reflect.Method.invoke(Method.java:498)
	at org.testng.internal.MethodInvocationHelper.invokeMethod(MethodInvocationHelper.java:86)
	at org.testng.internal.Invoker.invokeMethod(Invoker.java:645)
	at org.testng.internal.Invoker.invokeTestMethod(Invoker.java:822)
	at org.testng.internal.Invoker.invokeTestMethods(Invoker.java:1130)
	at org.testng.internal.TestMethodWorker.invokeTestMethods(TestMethodWorker.java:129)
	at org.testng.internal.TestMethodWorker.run(TestMethodWorker.java:112)
	at org.testng.TestRunner.privateRun(TestRunner.java:782)
	at org.testng.TestRunner.run(TestRunner.java:632)
	at org.testng.SuiteRunner.runTest(SuiteRunner.java:366)
	at org.testng.SuiteRunner.runSequentially(SuiteRunner.java:361)
	at org.testng.SuiteRunner.privateRun(SuiteRunner.java:319)
	at org.testng.SuiteRunner.run(SuiteRunner.java:268)
	at org.testng.SuiteRunnerWorker.runSuite(SuiteRunnerWorker.java:52)
	at org.testng.SuiteRunnerWorker.run(SuiteRunnerWorker.java:86)
	at org.testng.TestNG.runSuitesSequentially(TestNG.java:1244)
	at org.testng.TestNG.runSuitesLocally(TestNG.java:1169)
	at org.testng.TestNG.run(TestNG.java:1064)
	at org.testng.remote.RemoteTestNG.run(RemoteTestNG.java:113)
	at org.testng.remote.RemoteTestNG.initAndRun(RemoteTestNG.java:206)
	at org.testng.remote.RemoteTestNG.main(RemoteTestNG.java:177)
]]>
    </error>
  </testcase> <!-- Thresholds_ProgramYearMeasures -->
  <testcase name="Thresholds_ProgramYearMeasures" time="0.429" classname="com.esg.executableclasses.ThresholdsExecutableClass">
    <error type="java.lang.Error" message="Unresolved compilation problem: 
	The method selectDropdownByVisibleText(String, String, String, String, int, int) is undefined for the type ThresholdsTestClass
">
      <![CDATA[java.lang.Error: Unresolved compilation problem: 
	The method selectDropdownByVisibleText(String, String, String, String, int, int) is undefined for the type ThresholdsTestClass

	at com.esg.testclasses.ThresholdsTestClass.NavigateToEnrollment(ThresholdsTestClass.java:20)
	at com.esg.testclasses.ThresholdsTestClass.Program_Percent(ThresholdsTestClass.java:152)
	at com.esg.executableclasses.ThresholdsExecutableClass.Thresholds_ProgramYearMeasures(ThresholdsExecutableClass.java:41)
	at sun.reflect.NativeMethodAccessorImpl.invoke0(Native Method)
	at sun.reflect.NativeMethodAccessorImpl.invoke(NativeMethodAccessorImpl.java:62)
	at sun.reflect.DelegatingMethodAccessorImpl.invoke(DelegatingMethodAccessorImpl.java:43)
	at java.lang.reflect.Method.invoke(Method.java:498)
	at org.testng.internal.MethodInvocationHelper.invokeMethod(MethodInvocationHelper.java:86)
	at org.testng.internal.Invoker.invokeMethod(Invoker.java:645)
	at org.testng.internal.Invoker.invokeTestMethod(Invoker.java:822)
	at org.testng.internal.Invoker.invokeTestMethods(Invoker.java:1130)
	at org.testng.internal.TestMethodWorker.invokeTestMethods(TestMethodWorker.java:129)
	at org.testng.internal.TestMethodWorker.run(TestMethodWorker.java:112)
	at org.testng.TestRunner.privateRun(TestRunner.java:782)
	at org.testng.TestRunner.run(TestRunner.java:632)
	at org.testng.SuiteRunner.runTest(SuiteRunner.java:366)
	at org.testng.SuiteRunner.runSequentially(SuiteRunner.java:361)
	at org.testng.SuiteRunner.privateRun(SuiteRunner.java:319)
	at org.testng.SuiteRunner.run(SuiteRunner.java:268)
	at org.testng.SuiteRunnerWorker.runSuite(SuiteRunnerWorker.java:52)
	at org.testng.SuiteRunnerWorker.run(SuiteRunnerWorker.java:86)
	at org.testng.TestNG.runSuitesSequentially(TestNG.java:1244)
	at org.testng.TestNG.runSuitesLocally(TestNG.java:1169)
	at org.testng.TestNG.run(TestNG.java:1064)
	at org.testng.remote.RemoteTestNG.run(RemoteTestNG.java:113)
	at org.testng.remote.RemoteTestNG.initAndRun(RemoteTestNG.java:206)
	at org.testng.remote.RemoteTestNG.main(RemoteTestNG.java:177)
]]>
    </error>
  </testcase> <!-- Thresholds_ProgramYearMeasures -->
  <testcase name="Thresholds_ProgramYearMeasures" time="0.409" classname="com.esg.executableclasses.ThresholdsExecutableClass">
    <error type="java.lang.Error" message="Unresolved compilation problem: 
	The method selectDropdownByVisibleText(String, String, String, String, int, int) is undefined for the type ThresholdsTestClass
">
      <![CDATA[java.lang.Error: Unresolved compilation problem: 
	The method selectDropdownByVisibleText(String, String, String, String, int, int) is undefined for the type ThresholdsTestClass

	at com.esg.testclasses.ThresholdsTestClass.NavigateToEnrollment(ThresholdsTestClass.java:20)
	at com.esg.testclasses.ThresholdsTestClass.Program_Percent(ThresholdsTestClass.java:152)
	at com.esg.executableclasses.ThresholdsExecutableClass.Thresholds_ProgramYearMeasures(ThresholdsExecutableClass.java:41)
	at sun.reflect.NativeMethodAccessorImpl.invoke0(Native Method)
	at sun.reflect.NativeMethodAccessorImpl.invoke(NativeMethodAccessorImpl.java:62)
	at sun.reflect.DelegatingMethodAccessorImpl.invoke(DelegatingMethodAccessorImpl.java:43)
	at java.lang.reflect.Method.invoke(Method.java:498)
	at org.testng.internal.MethodInvocationHelper.invokeMethod(MethodInvocationHelper.java:86)
	at org.testng.internal.Invoker.invokeMethod(Invoker.java:645)
	at org.testng.internal.Invoker.invokeTestMethod(Invoker.java:822)
	at org.testng.internal.Invoker.invokeTestMethods(Invoker.java:1130)
	at org.testng.internal.TestMethodWorker.invokeTestMethods(TestMethodWorker.java:129)
	at org.testng.internal.TestMethodWorker.run(TestMethodWorker.java:112)
	at org.testng.TestRunner.privateRun(TestRunner.java:782)
	at org.testng.TestRunner.run(TestRunner.java:632)
	at org.testng.SuiteRunner.runTest(SuiteRunner.java:366)
	at org.testng.SuiteRunner.runSequentially(SuiteRunner.java:361)
	at org.testng.SuiteRunner.privateRun(SuiteRunner.java:319)
	at org.testng.SuiteRunner.run(SuiteRunner.java:268)
	at org.testng.SuiteRunnerWorker.runSuite(SuiteRunnerWorker.java:52)
	at org.testng.SuiteRunnerWorker.run(SuiteRunnerWorker.java:86)
	at org.testng.TestNG.runSuitesSequentially(TestNG.java:1244)
	at org.testng.TestNG.runSuitesLocally(TestNG.java:1169)
	at org.testng.TestNG.run(TestNG.java:1064)
	at org.testng.remote.RemoteTestNG.run(RemoteTestNG.java:113)
	at org.testng.remote.RemoteTestNG.initAndRun(RemoteTestNG.java:206)
	at org.testng.remote.RemoteTestNG.main(RemoteTestNG.java:177)
]]>
    </error>
  </testcase> <!-- Thresholds_ProgramYearMeasures -->
  <testcase name="Thresholds_ProgramYearMeasures" time="0.414" classname="com.esg.executableclasses.ThresholdsExecutableClass">
    <error type="java.lang.Error" message="Unresolved compilation problem: 
	The method selectDropdownByVisibleText(String, String, String, String, int, int) is undefined for the type ThresholdsTestClass
">
      <![CDATA[java.lang.Error: Unresolved compilation problem: 
	The method selectDropdownByVisibleText(String, String, String, String, int, int) is undefined for the type ThresholdsTestClass

	at com.esg.testclasses.ThresholdsTestClass.NavigateToEnrollment(ThresholdsTestClass.java:20)
	at com.esg.testclasses.ThresholdsTestClass.Program_Percent(ThresholdsTestClass.java:152)
	at com.esg.executableclasses.ThresholdsExecutableClass.Thresholds_ProgramYearMeasures(ThresholdsExecutableClass.java:41)
	at sun.reflect.NativeMethodAccessorImpl.invoke0(Native Method)
	at sun.reflect.NativeMethodAccessorImpl.invoke(NativeMethodAccessorImpl.java:62)
	at sun.reflect.DelegatingMethodAccessorImpl.invoke(DelegatingMethodAccessorImpl.java:43)
	at java.lang.reflect.Method.invoke(Method.java:498)
	at org.testng.internal.MethodInvocationHelper.invokeMethod(MethodInvocationHelper.java:86)
	at org.testng.internal.Invoker.invokeMethod(Invoker.java:645)
	at org.testng.internal.Invoker.invokeTestMethod(Invoker.java:822)
	at org.testng.internal.Invoker.invokeTestMethods(Invoker.java:1130)
	at org.testng.internal.TestMethodWorker.invokeTestMethods(TestMethodWorker.java:129)
	at org.testng.internal.TestMethodWorker.run(TestMethodWorker.java:112)
	at org.testng.TestRunner.privateRun(TestRunner.java:782)
	at org.testng.TestRunner.run(TestRunner.java:632)
	at org.testng.SuiteRunner.runTest(SuiteRunner.java:366)
	at org.testng.SuiteRunner.runSequentially(SuiteRunner.java:361)
	at org.testng.SuiteRunner.privateRun(SuiteRunner.java:319)
	at org.testng.SuiteRunner.run(SuiteRunner.java:268)
	at org.testng.SuiteRunnerWorker.runSuite(SuiteRunnerWorker.java:52)
	at org.testng.SuiteRunnerWorker.run(SuiteRunnerWorker.java:86)
	at org.testng.TestNG.runSuitesSequentially(TestNG.java:1244)
	at org.testng.TestNG.runSuitesLocally(TestNG.java:1169)
	at org.testng.TestNG.run(TestNG.java:1064)
	at org.testng.remote.RemoteTestNG.run(RemoteTestNG.java:113)
	at org.testng.remote.RemoteTestNG.initAndRun(RemoteTestNG.java:206)
	at org.testng.remote.RemoteTestNG.main(RemoteTestNG.java:177)
]]>
    </error>
  </testcase> <!-- Thresholds_ProgramYearMeasures -->
  <testcase name="Thresholds_Login" time="35.634" classname="com.esg.executableclasses.ThresholdsExecutableClass"/>
</testsuite> <!-- com.esg.executableclasses.ThresholdsExecutableClass -->
